mode: count
github.com/vavas/go-parser/UrlService.go:26.83,28.24 1 3
github.com/vavas/go-parser/UrlService.go:33.2,43.12 8 2
github.com/vavas/go-parser/UrlService.go:28.24,30.3 1 1
github.com/vavas/go-parser/UrlService.go:47.54,56.16 4 2
github.com/vavas/go-parser/UrlService.go:59.2,61.28 2 2
github.com/vavas/go-parser/UrlService.go:66.2,67.16 2 2
github.com/vavas/go-parser/UrlService.go:71.2,76.65 4 2
github.com/vavas/go-parser/UrlService.go:82.2,91.55 3 2
github.com/vavas/go-parser/UrlService.go:56.16,58.3 1 0
github.com/vavas/go-parser/UrlService.go:61.28,63.3 1 1
github.com/vavas/go-parser/UrlService.go:67.16,69.3 1 0
github.com/vavas/go-parser/UrlService.go:76.65,77.46 1 53
github.com/vavas/go-parser/UrlService.go:77.46,79.4 1 1
github.com/vavas/go-parser/UrlService.go:96.37,98.16 2 3
github.com/vavas/go-parser/UrlService.go:98.16,100.3 1 1
github.com/vavas/go-parser/UrlService.go:100.8,102.3 1 2
github.com/vavas/go-parser/main.go:18.54,21.2 2 1
github.com/vavas/go-parser/main.go:24.36,26.2 1 1
github.com/vavas/go-parser/main.go:28.13,40.15 7 1
github.com/vavas/go-parser/main.go:44.2,46.46 3 1
github.com/vavas/go-parser/main.go:40.15,42.3 1 1
